<?xml version="1.0" encoding="UTF-8"?>
<!-- Generated by org.testng.reporters.JUnitXMLReporter -->
<testsuite ignored="0" hostname="LPCD-2TBFS93" failures="0" tests="5" name="Default test" time="33.469" errors="0" timestamp="2023-10-25T16:15:09 GMT+05:30">
  <testcase classname="TestCases.Login" name="loginWithoutCreds" time="1.491"/>
  <testcase classname="TestCases.Login" name="loginWithInvalidCreds" time="1.425"/>
  <testcase classname="TestCases.Login" name="loginWithInvalidEmail" time="1.336"/>
  <testcase classname="TestCases.Login" name="loginWithInvalidPassword" time="2.153"/>
  <testcase classname="TestCases.Login" name="loginWithValidCreds" time="3.193"/>
</testsuite> <!-- Default test -->
