<?xml version="1.0" encoding="UTF-8"?>
<!-- Generated by org.testng.reporters.JUnitXMLReporter -->
<testsuite ignored="0" hostname="LPCD-2TBFS93" failures="0" tests="5" name="Default test" time="45.963" errors="0" timestamp="2023-10-25T15:27:31 GMT+05:30">
  <testcase classname="TestCases.Login" name="loginWithoutCreds" time="3.972"/>
  <testcase classname="TestCases.Login" name="loginWithInvalidCreds" time="1.822"/>
  <testcase classname="TestCases.Login" name="loginWithInvalidEmail" time="1.678"/>
  <testcase classname="TestCases.Login" name="loginWithInvalidPassword" time="2.49"/>
  <testcase classname="TestCases.Login" name="loginWithValidCreds" time="4.759"/>
</testsuite> <!-- Default test -->
