<?xml version="1.0" encoding="UTF-8"?>
<!-- Generated by org.testng.reporters.JUnitXMLReporter -->
<testsuite ignored="0" hostname="LPCD-2TBFS93" failures="0" tests="9" name="Test" time="117.277" errors="0" timestamp="2023-10-28T23:11:11 GMT+05:30">
  <testcase classname="TestCases.Cart" name="addToCart" time="8.461"/>
  <testcase classname="TestCases.Cart" name="checkBookinCartAfterLogin" time="1.956"/>
  <testcase classname="TestCases.Login" name="loginWithoutCreds" time="1.147"/>
  <testcase classname="TestCases.Login" name="loginWithInvalidCreds" time="1.134"/>
  <testcase classname="TestCases.Login" name="loginWithInvalidEmail" time="1.193"/>
  <testcase classname="TestCases.Login" name="loginWithInvalidPassword" time="3.788"/>
  <testcase classname="TestCases.Login" name="loginWithValidCreds" time="5.315"/>
  <testcase classname="TestCases.Registration" name="signupUser" time="44.318"/>
  <testcase classname="TestCases.Logout" name="logout" time="1.423"/>
</testsuite> <!-- Test -->
