<?xml version="1.0" encoding="UTF-8"?>
<testng-results ignored="0" total="9" passed="9" failed="0" skipped="0">
  <reporter-output>
  </reporter-output>
  <suite started-at="2023-10-28T23:09:13 GMT+05:30" name="Suite" finished-at="2023-10-28T23:11:11 GMT+05:30" duration-ms="117277">
    <groups>
    </groups>
    <test started-at="2023-10-28T23:09:13 GMT+05:30" name="Test" finished-at="2023-10-28T23:11:11 GMT+05:30" duration-ms="117277">
      <class name="TestCases.Login">
        <test-method is-config="true" signature="launchApplication()[pri:0, instance:TestCases.Login@54e7df6a]" started-at="2023-10-28T23:09:37 GMT+05:30" name="launchApplication" finished-at="2023-10-28T23:09:42 GMT+05:30" duration-ms="5531" status="PASS">
          <reporter-output>
          </reporter-output>
        </test-method> <!-- launchApplication -->
        <test-method signature="loginWithoutCreds()[pri:0, instance:TestCases.Login@54e7df6a]" started-at="2023-10-28T23:09:42 GMT+05:30" name="loginWithoutCreds" finished-at="2023-10-28T23:09:43 GMT+05:30" duration-ms="1147" status="PASS">
          <reporter-output>
          </reporter-output>
        </test-method> <!-- loginWithoutCreds -->
        <test-method is-config="true" signature="closeBrowser()[pri:0, instance:TestCases.Login@54e7df6a]" started-at="2023-10-28T23:09:43 GMT+05:30" name="closeBrowser" finished-at="2023-10-28T23:09:44 GMT+05:30" duration-ms="439" status="PASS">
          <reporter-output>
          </reporter-output>
        </test-method> <!-- closeBrowser -->
        <test-method is-config="true" signature="launchApplication()[pri:0, instance:TestCases.Login@54e7df6a]" started-at="2023-10-28T23:09:44 GMT+05:30" name="launchApplication" finished-at="2023-10-28T23:09:49 GMT+05:30" duration-ms="5051" status="PASS">
          <reporter-output>
          </reporter-output>
        </test-method> <!-- launchApplication -->
        <test-method signature="loginWithInvalidCreds()[pri:1, instance:TestCases.Login@54e7df6a]" started-at="2023-10-28T23:09:49 GMT+05:30" name="loginWithInvalidCreds" finished-at="2023-10-28T23:09:50 GMT+05:30" duration-ms="1134" status="PASS">
          <reporter-output>
          </reporter-output>
        </test-method> <!-- loginWithInvalidCreds -->
        <test-method is-config="true" signature="closeBrowser()[pri:0, instance:TestCases.Login@54e7df6a]" started-at="2023-10-28T23:09:50 GMT+05:30" name="closeBrowser" finished-at="2023-10-28T23:09:50 GMT+05:30" duration-ms="412" status="PASS">
          <reporter-output>
          </reporter-output>
        </test-method> <!-- closeBrowser -->
        <test-method is-config="true" signature="launchApplication()[pri:0, instance:TestCases.Login@54e7df6a]" started-at="2023-10-28T23:09:50 GMT+05:30" name="launchApplication" finished-at="2023-10-28T23:09:56 GMT+05:30" duration-ms="5200" status="PASS">
          <reporter-output>
          </reporter-output>
        </test-method> <!-- launchApplication -->
        <test-method signature="loginWithInvalidEmail()[pri:2, instance:TestCases.Login@54e7df6a]" started-at="2023-10-28T23:09:56 GMT+05:30" name="loginWithInvalidEmail" finished-at="2023-10-28T23:09:57 GMT+05:30" duration-ms="1193" status="PASS">
          <reporter-output>
          </reporter-output>
        </test-method> <!-- loginWithInvalidEmail -->
        <test-method is-config="true" signature="closeBrowser()[pri:0, instance:TestCases.Login@54e7df6a]" started-at="2023-10-28T23:09:57 GMT+05:30" name="closeBrowser" finished-at="2023-10-28T23:09:57 GMT+05:30" duration-ms="367" status="PASS">
          <reporter-output>
          </reporter-output>
        </test-method> <!-- closeBrowser -->
        <test-method is-config="true" signature="launchApplication()[pri:0, instance:TestCases.Login@54e7df6a]" started-at="2023-10-28T23:09:57 GMT+05:30" name="launchApplication" finished-at="2023-10-28T23:10:00 GMT+05:30" duration-ms="2824" status="PASS">
          <reporter-output>
          </reporter-output>
        </test-method> <!-- launchApplication -->
        <test-method signature="loginWithInvalidPassword()[pri:3, instance:TestCases.Login@54e7df6a]" started-at="2023-10-28T23:10:00 GMT+05:30" name="loginWithInvalidPassword" finished-at="2023-10-28T23:10:04 GMT+05:30" duration-ms="3788" status="PASS">
          <reporter-output>
          </reporter-output>
        </test-method> <!-- loginWithInvalidPassword -->
        <test-method is-config="true" signature="closeBrowser()[pri:0, instance:TestCases.Login@54e7df6a]" started-at="2023-10-28T23:10:04 GMT+05:30" name="closeBrowser" finished-at="2023-10-28T23:10:04 GMT+05:30" duration-ms="254" status="PASS">
          <reporter-output>
          </reporter-output>
        </test-method> <!-- closeBrowser -->
        <test-method is-config="true" signature="launchApplication()[pri:0, instance:TestCases.Login@54e7df6a]" started-at="2023-10-28T23:10:04 GMT+05:30" name="launchApplication" finished-at="2023-10-28T23:10:07 GMT+05:30" duration-ms="2750" status="PASS">
          <reporter-output>
          </reporter-output>
        </test-method> <!-- launchApplication -->
        <test-method signature="loginWithValidCreds()[pri:4, instance:TestCases.Login@54e7df6a]" started-at="2023-10-28T23:10:07 GMT+05:30" name="loginWithValidCreds" finished-at="2023-10-28T23:10:12 GMT+05:30" duration-ms="5315" status="PASS">
          <reporter-output>
          </reporter-output>
        </test-method> <!-- loginWithValidCreds -->
        <test-method is-config="true" signature="closeBrowser()[pri:0, instance:TestCases.Login@54e7df6a]" started-at="2023-10-28T23:10:12 GMT+05:30" name="closeBrowser" finished-at="2023-10-28T23:10:12 GMT+05:30" duration-ms="384" status="PASS">
          <reporter-output>
          </reporter-output>
        </test-method> <!-- closeBrowser -->
      </class> <!-- TestCases.Login -->
      <class name="TestCases.Logout">
        <test-method is-config="true" signature="launchApplication()[pri:0, instance:TestCases.Logout@77128536]" started-at="2023-10-28T23:11:03 GMT+05:30" name="launchApplication" finished-at="2023-10-28T23:11:09 GMT+05:30" duration-ms="5857" status="PASS">
          <reporter-output>
          </reporter-output>
        </test-method> <!-- launchApplication -->
        <test-method signature="logout()[pri:0, instance:TestCases.Logout@77128536]" started-at="2023-10-28T23:11:09 GMT+05:30" name="logout" finished-at="2023-10-28T23:11:10 GMT+05:30" duration-ms="1423" status="PASS">
          <reporter-output>
          </reporter-output>
        </test-method> <!-- logout -->
        <test-method is-config="true" signature="closeBrowser()[pri:0, instance:TestCases.Logout@77128536]" started-at="2023-10-28T23:11:10 GMT+05:30" name="closeBrowser" finished-at="2023-10-28T23:11:11 GMT+05:30" duration-ms="398" status="PASS">
          <reporter-output>
          </reporter-output>
        </test-method> <!-- closeBrowser -->
      </class> <!-- TestCases.Logout -->
      <class name="TestCases.Cart">
        <test-method is-config="true" signature="launchApplication()[pri:0, instance:TestCases.Cart@6af9fcb2]" started-at="2023-10-28T23:09:13 GMT+05:30" name="launchApplication" finished-at="2023-10-28T23:09:20 GMT+05:30" duration-ms="6571" status="PASS">
          <reporter-output>
          </reporter-output>
        </test-method> <!-- launchApplication -->
        <test-method signature="addToCart()[pri:0, instance:TestCases.Cart@6af9fcb2]" started-at="2023-10-28T23:09:20 GMT+05:30" name="addToCart" finished-at="2023-10-28T23:09:29 GMT+05:30" duration-ms="8461" status="PASS">
          <reporter-output>
          </reporter-output>
        </test-method> <!-- addToCart -->
        <test-method is-config="true" signature="closeBrowser()[pri:0, instance:TestCases.Cart@6af9fcb2]" started-at="2023-10-28T23:09:29 GMT+05:30" name="closeBrowser" finished-at="2023-10-28T23:09:29 GMT+05:30" duration-ms="381" status="PASS">
          <reporter-output>
          </reporter-output>
        </test-method> <!-- closeBrowser -->
        <test-method is-config="true" signature="launchApplication()[pri:0, instance:TestCases.Cart@6af9fcb2]" started-at="2023-10-28T23:09:29 GMT+05:30" name="launchApplication" finished-at="2023-10-28T23:09:34 GMT+05:30" duration-ms="5242" status="PASS">
          <reporter-output>
          </reporter-output>
        </test-method> <!-- launchApplication -->
        <test-method signature="checkBookinCartAfterLogin()[pri:1, instance:TestCases.Cart@6af9fcb2]" started-at="2023-10-28T23:09:34 GMT+05:30" name="checkBookinCartAfterLogin" finished-at="2023-10-28T23:09:36 GMT+05:30" duration-ms="1956" status="PASS">
          <reporter-output>
          </reporter-output>
        </test-method> <!-- checkBookinCartAfterLogin -->
        <test-method is-config="true" signature="closeBrowser()[pri:0, instance:TestCases.Cart@6af9fcb2]" started-at="2023-10-28T23:09:36 GMT+05:30" name="closeBrowser" finished-at="2023-10-28T23:09:37 GMT+05:30" duration-ms="403" status="PASS">
          <reporter-output>
          </reporter-output>
        </test-method> <!-- closeBrowser -->
      </class> <!-- TestCases.Cart -->
      <class name="TestCases.Registration">
        <test-method is-config="true" signature="launchApplication()[pri:0, instance:TestCases.Registration@3fed2870]" started-at="2023-10-28T23:10:13 GMT+05:30" name="launchApplication" finished-at="2023-10-28T23:10:18 GMT+05:30" duration-ms="5461" status="PASS">
          <reporter-output>
          </reporter-output>
        </test-method> <!-- launchApplication -->
        <test-method signature="signupUser(java.util.HashMap)[pri:0, instance:TestCases.Registration@3fed2870]" started-at="2023-10-28T23:10:18 GMT+05:30" name="signupUser" data-provider="getData" finished-at="2023-10-28T23:11:02 GMT+05:30" duration-ms="44318" status="PASS">
          <params>
            <param index="0">
              <value>
                <![CDATA[{name=nishu, password=nishu123, cnfpassword=nishu123, email=nishu7@yopmail.com}]]>
              </value>
            </param>
          </params>
          <reporter-output>
          </reporter-output>
        </test-method> <!-- signupUser -->
        <test-method is-config="true" signature="closeBrowser()[pri:0, instance:TestCases.Registration@3fed2870]" started-at="2023-10-28T23:11:03 GMT+05:30" name="closeBrowser" finished-at="2023-10-28T23:11:03 GMT+05:30" duration-ms="428" status="PASS">
          <reporter-output>
          </reporter-output>
        </test-method> <!-- closeBrowser -->
      </class> <!-- TestCases.Registration -->
    </test> <!-- Test -->
  </suite> <!-- Suite -->
</testng-results>
