<?xml version="1.0" encoding="UTF-8"?>
<testng-results ignored="0" total="9" passed="8" failed="1" skipped="0">
  <reporter-output>
  </reporter-output>
  <suite started-at="2023-10-29T09:58:08 GMT+05:30" name="Suite" finished-at="2023-10-29T10:00:03 GMT+05:30" duration-ms="114628">
    <groups>
    </groups>
    <test started-at="2023-10-29T09:58:08 GMT+05:30" name="Test" finished-at="2023-10-29T10:00:03 GMT+05:30" duration-ms="114628">
      <class name="TestCases.Login">
        <test-method is-config="true" signature="launchApplication()[pri:0, instance:TestCases.Login@54e7df6a]" started-at="2023-10-29T09:58:31 GMT+05:30" name="launchApplication" finished-at="2023-10-29T09:58:37 GMT+05:30" duration-ms="5816" status="PASS">
          <reporter-output>
          </reporter-output>
        </test-method> <!-- launchApplication -->
        <test-method signature="loginWithoutCreds()[pri:0, instance:TestCases.Login@54e7df6a]" started-at="2023-10-29T09:58:37 GMT+05:30" name="loginWithoutCreds" finished-at="2023-10-29T09:58:38 GMT+05:30" duration-ms="1110" status="PASS">
          <reporter-output>
          </reporter-output>
        </test-method> <!-- loginWithoutCreds -->
        <test-method is-config="true" signature="closeBrowser()[pri:0, instance:TestCases.Login@54e7df6a]" started-at="2023-10-29T09:58:38 GMT+05:30" name="closeBrowser" finished-at="2023-10-29T09:58:38 GMT+05:30" duration-ms="125" status="PASS">
          <reporter-output>
          </reporter-output>
        </test-method> <!-- closeBrowser -->
        <test-method is-config="true" signature="launchApplication()[pri:0, instance:TestCases.Login@54e7df6a]" started-at="2023-10-29T09:58:38 GMT+05:30" name="launchApplication" finished-at="2023-10-29T09:58:43 GMT+05:30" duration-ms="5327" status="PASS">
          <reporter-output>
          </reporter-output>
        </test-method> <!-- launchApplication -->
        <test-method signature="loginWithInvalidCreds()[pri:1, instance:TestCases.Login@54e7df6a]" started-at="2023-10-29T09:58:43 GMT+05:30" name="loginWithInvalidCreds" finished-at="2023-10-29T09:58:45 GMT+05:30" duration-ms="1171" status="PASS">
          <reporter-output>
          </reporter-output>
        </test-method> <!-- loginWithInvalidCreds -->
        <test-method is-config="true" signature="closeBrowser()[pri:0, instance:TestCases.Login@54e7df6a]" started-at="2023-10-29T09:58:45 GMT+05:30" name="closeBrowser" finished-at="2023-10-29T09:58:45 GMT+05:30" duration-ms="121" status="PASS">
          <reporter-output>
          </reporter-output>
        </test-method> <!-- closeBrowser -->
        <test-method is-config="true" signature="launchApplication()[pri:0, instance:TestCases.Login@54e7df6a]" started-at="2023-10-29T09:58:45 GMT+05:30" name="launchApplication" finished-at="2023-10-29T09:58:52 GMT+05:30" duration-ms="7188" status="PASS">
          <reporter-output>
          </reporter-output>
        </test-method> <!-- launchApplication -->
        <test-method signature="loginWithInvalidEmail()[pri:2, instance:TestCases.Login@54e7df6a]" started-at="2023-10-29T09:58:52 GMT+05:30" name="loginWithInvalidEmail" finished-at="2023-10-29T09:58:53 GMT+05:30" duration-ms="1547" status="PASS">
          <reporter-output>
          </reporter-output>
        </test-method> <!-- loginWithInvalidEmail -->
        <test-method is-config="true" signature="closeBrowser()[pri:0, instance:TestCases.Login@54e7df6a]" started-at="2023-10-29T09:58:53 GMT+05:30" name="closeBrowser" finished-at="2023-10-29T09:58:54 GMT+05:30" duration-ms="416" status="PASS">
          <reporter-output>
          </reporter-output>
        </test-method> <!-- closeBrowser -->
        <test-method is-config="true" signature="launchApplication()[pri:0, instance:TestCases.Login@54e7df6a]" started-at="2023-10-29T09:58:54 GMT+05:30" name="launchApplication" finished-at="2023-10-29T09:58:59 GMT+05:30" duration-ms="5457" status="PASS">
          <reporter-output>
          </reporter-output>
        </test-method> <!-- launchApplication -->
        <test-method signature="loginWithInvalidPassword()[pri:3, instance:TestCases.Login@54e7df6a]" started-at="2023-10-29T09:58:59 GMT+05:30" name="loginWithInvalidPassword" finished-at="2023-10-29T09:59:01 GMT+05:30" duration-ms="1416" status="PASS">
          <reporter-output>
          </reporter-output>
        </test-method> <!-- loginWithInvalidPassword -->
        <test-method is-config="true" signature="closeBrowser()[pri:0, instance:TestCases.Login@54e7df6a]" started-at="2023-10-29T09:59:01 GMT+05:30" name="closeBrowser" finished-at="2023-10-29T09:59:01 GMT+05:30" duration-ms="403" status="PASS">
          <reporter-output>
          </reporter-output>
        </test-method> <!-- closeBrowser -->
        <test-method is-config="true" signature="launchApplication()[pri:0, instance:TestCases.Login@54e7df6a]" started-at="2023-10-29T09:59:01 GMT+05:30" name="launchApplication" finished-at="2023-10-29T09:59:04 GMT+05:30" duration-ms="2839" status="PASS">
          <reporter-output>
          </reporter-output>
        </test-method> <!-- launchApplication -->
        <test-method signature="loginWithValidCreds()[pri:4, instance:TestCases.Login@54e7df6a]" started-at="2023-10-29T09:59:04 GMT+05:30" name="loginWithValidCreds" finished-at="2023-10-29T09:59:09 GMT+05:30" duration-ms="5139" status="PASS">
          <reporter-output>
          </reporter-output>
        </test-method> <!-- loginWithValidCreds -->
        <test-method is-config="true" signature="closeBrowser()[pri:0, instance:TestCases.Login@54e7df6a]" started-at="2023-10-29T09:59:09 GMT+05:30" name="closeBrowser" finished-at="2023-10-29T09:59:09 GMT+05:30" duration-ms="183" status="PASS">
          <reporter-output>
          </reporter-output>
        </test-method> <!-- closeBrowser -->
      </class> <!-- TestCases.Login -->
      <class name="TestCases.Logout">
        <test-method is-config="true" signature="launchApplication()[pri:0, instance:TestCases.Logout@77128536]" started-at="2023-10-29T09:59:55 GMT+05:30" name="launchApplication" finished-at="2023-10-29T10:00:01 GMT+05:30" duration-ms="5745" status="PASS">
          <reporter-output>
          </reporter-output>
        </test-method> <!-- launchApplication -->
        <test-method signature="logout()[pri:0, instance:TestCases.Logout@77128536]" started-at="2023-10-29T10:00:01 GMT+05:30" name="logout" finished-at="2023-10-29T10:00:02 GMT+05:30" duration-ms="1668" status="PASS">
          <reporter-output>
          </reporter-output>
        </test-method> <!-- logout -->
        <test-method is-config="true" signature="closeBrowser()[pri:0, instance:TestCases.Logout@77128536]" started-at="2023-10-29T10:00:02 GMT+05:30" name="closeBrowser" finished-at="2023-10-29T10:00:03 GMT+05:30" duration-ms="590" status="PASS">
          <reporter-output>
          </reporter-output>
        </test-method> <!-- closeBrowser -->
      </class> <!-- TestCases.Logout -->
      <class name="TestCases.Cart">
        <test-method is-config="true" signature="launchApplication()[pri:0, instance:TestCases.Cart@6af9fcb2]" started-at="2023-10-29T09:58:08 GMT+05:30" name="launchApplication" finished-at="2023-10-29T09:58:15 GMT+05:30" duration-ms="6948" status="PASS">
          <reporter-output>
          </reporter-output>
        </test-method> <!-- launchApplication -->
        <test-method signature="addToCart()[pri:0, instance:TestCases.Cart@6af9fcb2]" started-at="2023-10-29T09:58:15 GMT+05:30" name="addToCart" finished-at="2023-10-29T09:58:24 GMT+05:30" duration-ms="8212" status="PASS">
          <reporter-output>
          </reporter-output>
        </test-method> <!-- addToCart -->
        <test-method is-config="true" signature="closeBrowser()[pri:0, instance:TestCases.Cart@6af9fcb2]" started-at="2023-10-29T09:58:24 GMT+05:30" name="closeBrowser" finished-at="2023-10-29T09:58:24 GMT+05:30" duration-ms="134" status="PASS">
          <reporter-output>
          </reporter-output>
        </test-method> <!-- closeBrowser -->
        <test-method is-config="true" signature="launchApplication()[pri:0, instance:TestCases.Cart@6af9fcb2]" started-at="2023-10-29T09:58:24 GMT+05:30" name="launchApplication" finished-at="2023-10-29T09:58:29 GMT+05:30" duration-ms="5218" status="PASS">
          <reporter-output>
          </reporter-output>
        </test-method> <!-- launchApplication -->
        <test-method signature="checkBookinCartAfterLogin()[pri:1, instance:TestCases.Cart@6af9fcb2]" started-at="2023-10-29T09:58:29 GMT+05:30" name="checkBookinCartAfterLogin" finished-at="2023-10-29T09:58:31 GMT+05:30" duration-ms="1965" status="PASS">
          <reporter-output>
          </reporter-output>
        </test-method> <!-- checkBookinCartAfterLogin -->
        <test-method is-config="true" signature="closeBrowser()[pri:0, instance:TestCases.Cart@6af9fcb2]" started-at="2023-10-29T09:58:31 GMT+05:30" name="closeBrowser" finished-at="2023-10-29T09:58:31 GMT+05:30" duration-ms="125" status="PASS">
          <reporter-output>
          </reporter-output>
        </test-method> <!-- closeBrowser -->
      </class> <!-- TestCases.Cart -->
      <class name="TestCases.Registration">
        <test-method is-config="true" signature="launchApplication()[pri:0, instance:TestCases.Registration@3fed2870]" started-at="2023-10-29T09:59:10 GMT+05:30" name="launchApplication" finished-at="2023-10-29T09:59:15 GMT+05:30" duration-ms="5141" status="PASS">
          <reporter-output>
          </reporter-output>
        </test-method> <!-- launchApplication -->
        <test-method signature="signupUser(java.util.HashMap)[pri:0, instance:TestCases.Registration@3fed2870]" started-at="2023-10-29T09:59:15 GMT+05:30" name="signupUser" data-provider="getData" finished-at="2023-10-29T09:59:55 GMT+05:30" duration-ms="39689" status="FAIL">
          <params>
            <param index="0">
              <value>
                <![CDATA[{name=nishu, password=nishu123, cnfpassword=nishu123, email=nishu7@yopmail.com}]]>
              </value>
            </param>
          </params>
          <exception class="org.openqa.selenium.TimeoutException">
            <message>
              <![CDATA[Expected condition failed: waiting for visibility of element located by By.xpath: //a[contains(@id,'logout-btn')] (tried for 10 second(s) with 500 milliseconds interval)
Build info: version: '4.14.1', revision: '03f8ede370'
System info: os.name: 'Windows 10', os.arch: 'amd64', os.version: '10.0', java.version: '17.0.7'
Driver info: org.openqa.selenium.chrome.ChromeDriver
Capabilities {acceptInsecureCerts: false, browserName: chrome, browserVersion: 117.0.5938.150, chrome: {chromedriverVersion: 117.0.5938.149 (e3344ddefa1..., userDataDir: C:\Users\JYOTSA~1.PAN\AppDa...}, fedcm:accounts: true, goog:chromeOptions: {debuggerAddress: localhost:55691}, networkConnectionEnabled: false, pageLoadStrategy: normal, platformName: windows, proxy: Proxy(), se:cdp: ws://localhost:55691/devtoo..., se:cdpVersion: 117.0.5938.150, setWindowRect: true, strictFileInteractability: false, timeouts: {implicit: 0, pageLoad: 300000, script: 30000}, unhandledPromptBehavior: dismiss and notify, webauthn:extension:credBlob: true, webauthn:extension:largeBlob: true, webauthn:extension:minPinLength: true, webauthn:extension:prf: true, webauthn:virtualAuthenticators: true}
Session ID: f7ac95f721855d31755df994c5333ab1]]>
            </message>
            <full-stacktrace>
              <![CDATA[org.openqa.selenium.TimeoutException: Expected condition failed: waiting for visibility of element located by By.xpath: //a[contains(@id,'logout-btn')] (tried for 10 second(s) with 500 milliseconds interval)
Build info: version: '4.14.1', revision: '03f8ede370'
System info: os.name: 'Windows 10', os.arch: 'amd64', os.version: '10.0', java.version: '17.0.7'
Driver info: org.openqa.selenium.chrome.ChromeDriver
Capabilities {acceptInsecureCerts: false, browserName: chrome, browserVersion: 117.0.5938.150, chrome: {chromedriverVersion: 117.0.5938.149 (e3344ddefa1..., userDataDir: C:\Users\JYOTSA~1.PAN\AppDa...}, fedcm:accounts: true, goog:chromeOptions: {debuggerAddress: localhost:55691}, networkConnectionEnabled: false, pageLoadStrategy: normal, platformName: windows, proxy: Proxy(), se:cdp: ws://localhost:55691/devtoo..., se:cdpVersion: 117.0.5938.150, setWindowRect: true, strictFileInteractability: false, timeouts: {implicit: 0, pageLoad: 300000, script: 30000}, unhandledPromptBehavior: dismiss and notify, webauthn:extension:credBlob: true, webauthn:extension:largeBlob: true, webauthn:extension:minPinLength: true, webauthn:extension:prf: true, webauthn:virtualAuthenticators: true}
Session ID: f7ac95f721855d31755df994c5333ab1
at org.openqa.selenium.support.ui.WebDriverWait.timeoutException(WebDriverWait.java:84)
at org.openqa.selenium.support.ui.FluentWait.until(FluentWait.java:230)
at AbstractComponent.AbstractComponent.waitForElementToAppear(AbstractComponent.java:21)
at PageObject.LoginPage.logout(LoginPage.java:83)
at TestCases.Registration.signupUser(Registration.java:28)
at java.base/jdk.internal.reflect.NativeMethodAccessorImpl.invoke0(Native Method)
at java.base/jdk.internal.reflect.NativeMethodAccessorImpl.invoke(NativeMethodAccessorImpl.java:77)
at java.base/jdk.internal.reflect.DelegatingMethodAccessorImpl.invoke(DelegatingMethodAccessorImpl.java:43)
at java.base/java.lang.reflect.Method.invoke(Method.java:568)
at org.testng.internal.invokers.MethodInvocationHelper.invokeMethod(MethodInvocationHelper.java:139)
at org.testng.internal.invokers.TestInvoker.invokeMethod(TestInvoker.java:664)
at org.testng.internal.invokers.TestInvoker.invokeTestMethod(TestInvoker.java:227)
at org.testng.internal.invokers.MethodRunner.runInSequence(MethodRunner.java:50)
at org.testng.internal.invokers.TestInvoker$MethodInvocationAgent.invoke(TestInvoker.java:957)
at org.testng.internal.invokers.TestInvoker.invokeTestMethods(TestInvoker.java:200)
at org.testng.internal.invokers.TestMethodWorker.invokeTestMethods(TestMethodWorker.java:148)
at org.testng.internal.invokers.TestMethodWorker.run(TestMethodWorker.java:128)
at java.base/java.util.ArrayList.forEach(ArrayList.java:1511)
at org.testng.TestRunner.privateRun(TestRunner.java:848)
at org.testng.TestRunner.run(TestRunner.java:621)
at org.testng.SuiteRunner.runTest(SuiteRunner.java:443)
at org.testng.SuiteRunner.runSequentially(SuiteRunner.java:437)
at org.testng.SuiteRunner.privateRun(SuiteRunner.java:397)
at org.testng.SuiteRunner.run(SuiteRunner.java:336)
at org.testng.SuiteRunnerWorker.runSuite(SuiteRunnerWorker.java:52)
at org.testng.SuiteRunnerWorker.run(SuiteRunnerWorker.java:95)
at org.testng.TestNG.runSuitesSequentially(TestNG.java:1280)
at org.testng.TestNG.runSuitesLocally(TestNG.java:1200)
at org.testng.TestNG.runSuites(TestNG.java:1114)
at org.testng.TestNG.run(TestNG.java:1082)
at org.testng.remote.AbstractRemoteTestNG.run(AbstractRemoteTestNG.java:115)
at org.testng.remote.RemoteTestNG.initAndRun(RemoteTestNG.java:251)
at org.testng.remote.RemoteTestNG.main(RemoteTestNG.java:77)
]]>
            </full-stacktrace>
          </exception> <!-- org.openqa.selenium.TimeoutException -->
          <reporter-output>
          </reporter-output>
        </test-method> <!-- signupUser -->
        <test-method is-config="true" signature="closeBrowser()[pri:0, instance:TestCases.Registration@3fed2870]" started-at="2023-10-29T09:59:55 GMT+05:30" name="closeBrowser" finished-at="2023-10-29T09:59:55 GMT+05:30" duration-ms="324" status="PASS">
          <reporter-output>
          </reporter-output>
        </test-method> <!-- closeBrowser -->
      </class> <!-- TestCases.Registration -->
    </test> <!-- Test -->
  </suite> <!-- Suite -->
</testng-results>
